\BOOKMARK [1][-]{section.1}{Why ?}{}% 1
\BOOKMARK [1][-]{section.2}{Structure}{}% 2
\BOOKMARK [1][-]{section.3}{Blockchain}{}% 3
\BOOKMARK [2][-]{subsection.3.1}{Block}{section.3}% 4
\BOOKMARK [2][-]{subsection.3.2}{Corner}{section.3}% 5
\BOOKMARK [3][-]{subsubsection.3.2.1}{Transaction \(Tx\): PFlag = 0}{subsection.3.2}% 6
\BOOKMARK [3][-]{subsubsection.3.2.2}{Event: PFlag = 1}{subsection.3.2}% 7
\BOOKMARK [2][-]{subsection.3.3}{Input \(Tx\)}{section.3}% 8
\BOOKMARK [2][-]{subsection.3.4}{Output \(Tx\)}{section.3}% 9
\BOOKMARK [2][-]{subsection.3.5}{Puzzles \046 Solutions \(Tx\)}{section.3}% 10
\BOOKMARK [3][-]{subsubsection.3.5.1}{Single: Pflag = 0}{subsection.3.5}% 11
\BOOKMARK [2][-]{subsection.3.6}{Address}{section.3}% 12
\BOOKMARK [1][-]{section.4}{Networking}{}% 13
\BOOKMARK [2][-]{subsection.4.1}{Sending data}{section.4}% 14
\BOOKMARK [3][-]{subsubsection.4.1.1}{IPV4}{subsection.4.1}% 15
\BOOKMARK [2][-]{subsection.4.2}{Payloads}{section.4}% 16
\BOOKMARK [3][-]{subsubsection.4.2.1}{Ping: PFlag = 1}{subsection.4.2}% 17
\BOOKMARK [3][-]{subsubsection.4.2.2}{Pong: PFlag = 2}{subsection.4.2}% 18
\BOOKMARK [3][-]{subsubsection.4.2.3}{Heartbeat: PFlag = 3}{subsection.4.2}% 19
\BOOKMARK [3][-]{subsubsection.4.2.4}{Getchain: PFlag = 4}{subsection.4.2}% 20
\BOOKMARK [3][-]{subsubsection.4.2.5}{Sendchainchallenge: PFlag = 5}{subsection.4.2}% 21
\BOOKMARK [3][-]{subsubsection.4.2.6}{Solvechainchallenge: PFlag = 6}{subsection.4.2}% 22
\BOOKMARK [3][-]{subsubsection.4.2.7}{Endchainchallenge: PFlag = 7}{subsection.4.2}% 23
\BOOKMARK [3][-]{subsubsection.4.2.8}{ChainData: PFlag = 8}{subsection.4.2}% 24
\BOOKMARK [3][-]{subsubsection.4.2.9}{Newhead [Chain]: CPFlag = 1}{subsection.4.2}% 25
\BOOKMARK [3][-]{subsubsection.4.2.10}{Getblockheader [Chain]: CPFlag = 2}{subsection.4.2}% 26
\BOOKMARK [3][-]{subsubsection.4.2.11}{Blockheader [Chain]: CPFlag = 3}{subsection.4.2}% 27
\BOOKMARK [3][-]{subsubsection.4.2.12}{Getblockbody [Chain]: CPFlag = 4}{subsection.4.2}% 28
\BOOKMARK [3][-]{subsubsection.4.2.13}{Blockbody [Chain]: CPFlag = 5}{subsection.4.2}% 29
